0 info it worked if it ends with ok
1 verbose cli [ 'node', '/usr/local/bin/npm', 'publish' ]
2 info using npm@2.7.0
3 info using node@v0.12.0
4 verbose node symlink /usr/local/bin/node
5 verbose publish [ '.' ]
6 silly cache add args [ '.', null ]
7 verbose cache add spec .
8 silly cache add parsed spec { raw: '.',
8 silly cache add   scope: null,
8 silly cache add   name: null,
8 silly cache add   rawSpec: '.',
8 silly cache add   spec: '/Applications/XAMPP/xamppfiles/htdocs/wordpress config',
8 silly cache add   type: 'directory' }
9 verbose addLocalDirectory /Users/jamesryanbell/.npm/@jamesryanbell/wordpress_config/0.1.0/package.tgz not in flight; packing
10 verbose tar pack [ '/Users/jamesryanbell/.npm/@jamesryanbell/wordpress_config/0.1.0/package.tgz',
10 verbose tar pack   '/Applications/XAMPP/xamppfiles/htdocs/wordpress config' ]
11 verbose tarball /Users/jamesryanbell/.npm/@jamesryanbell/wordpress_config/0.1.0/package.tgz
12 verbose folder /Applications/XAMPP/xamppfiles/htdocs/wordpress config
13 info prepublish @jamesryanbell/wordpress_config@0.1.0
14 verbose addLocalTarball adding from inside cache /Users/jamesryanbell/.npm/@jamesryanbell/wordpress_config/0.1.0/package.tgz
15 silly cache afterAdd @jamesryanbell/wordpress_config@0.1.0
16 verbose afterAdd /Users/jamesryanbell/.npm/@jamesryanbell/wordpress_config/0.1.0/package/package.json not in flight; writing
17 verbose afterAdd /Users/jamesryanbell/.npm/@jamesryanbell/wordpress_config/0.1.0/package/package.json written
18 silly publish { name: '@jamesryanbell/wordpress_config',
18 silly publish   version: '0.1.0',
18 silly publish   description: '>',
18 silly publish   license: 'MIT',
18 silly publish   repository:
18 silly publish    { type: 'git',
18 silly publish      url: 'https://github.com/jamesryanbell/wordpress_config' },
18 silly publish   author:
18 silly publish    { name: 'James Bell',
18 silly publish      email: 'james@james-bell.co.uk',
18 silly publish      url: 'https://james-bell.co.uk' },
18 silly publish   engines: { node: '>=0.10.0' },
18 silly publish   scripts: { test: '' },
18 silly publish   files: [ 'index.js' ],
18 silly publish   keywords: [ 'wordpress', 'config', 'wp-config' ],
18 silly publish   dependencies: {},
18 silly publish   devDependencies:
18 silly publish    { del: '^1.1.1',
18 silly publish      mkdirp: '^0.5.0',
18 silly publish      prompt: '^0.2.14',
18 silly publish      request: '^2.54.0',
18 silly publish      swig: '^1.4.2' },
18 silly publish   readme: '# <%= moduleName %> [![Build Status](https://travis-ci.org/<%= githubUsername %>/<%= moduleName %>.svg?branch=master)](https://travis-ci.org/<%= githubUsername %>/<%= moduleName %>)\n\n>\n\n\n## Install\n\n```\n$ npm install --save <%= moduleName %>\n```\n\n\n## Usage\n\n```js\nvar <%= camelModuleName %> = require(\'<%= moduleName %>\');\n\n<%= camelModuleName %>(\'unicorns\');\n//=> unicorns & rainbows\n```\n\n\n## API\n\n### <%= camelModuleName %>(input, [options])\n\n#### input\n\n*Required*  \nType: `string`\n\nLorem ipsum.\n\n#### options\n\n##### foo\n\nType: `boolean`  \nDefault: `false`\n\nLorem ipsum.\n\n\n## License\n\nMIT © [<%= name %>](https://github.com/<%= githubUsername %>)\n',
18 silly publish   readmeFilename: 'readme.md',
18 silly publish   bugs: { url: 'https://github.com/jamesryanbell/wordpress_config/issues' },
18 silly publish   homepage: 'https://github.com/jamesryanbell/wordpress_config',
18 silly publish   _id: '@jamesryanbell/wordpress_config@0.1.0',
18 silly publish   _shasum: 'e48cd16c351035afb1471944403a244b7daea610',
18 silly publish   _from: '.' }
19 silly mapToRegistry name @jamesryanbell/wordpress_config
20 silly mapToRegistry scope (from package name) @jamesryanbell
21 verbose mapToRegistry no registry URL found in name for scope @jamesryanbell
22 silly mapToRegistry using default registry
23 silly mapToRegistry registry https://registry.npmjs.org/
24 silly mapToRegistry uri https://registry.npmjs.org/@jamesryanbell%2fwordpress_config
25 verbose publish registryBase https://registry.npmjs.org/
26 silly publish uploading /Users/jamesryanbell/.npm/@jamesryanbell/wordpress_config/0.1.0/package.tgz
27 verbose request uri https://registry.npmjs.org/@jamesryanbell%2fwordpress_config
28 verbose request sending authorization for write operation
29 info attempt registry request try #1 at 12:17:01
30 verbose request id f56d3ba49fd27423
31 http request PUT https://registry.npmjs.org/@jamesryanbell%2fwordpress_config
32 http 402 https://registry.npmjs.org/@jamesryanbell%2fwordpress_config
33 verbose headers { date: 'Sat, 28 Mar 2015 12:17:02 GMT',
33 verbose headers   server: 'Apache',
33 verbose headers   'content-type': 'application/json',
33 verbose headers   'cache-control': 'max-age=60',
33 verbose headers   'content-length': '72',
33 verbose headers   'accept-ranges': 'bytes',
33 verbose headers   via: '1.1 varnish',
33 verbose headers   'x-served-by': 'cache-lcy1131-LCY',
33 verbose headers   'x-cache': 'MISS',
33 verbose headers   'x-cache-hits': '0',
33 verbose headers   'x-timer': 'S1427545021.314081,VS0,VE1370',
33 verbose headers   'keep-alive': 'timeout=10, max=50',
33 verbose headers   connection: 'Keep-Alive' }
34 verbose request invalidating /Users/jamesryanbell/.npm/registry.npmjs.org/_40jamesryanbell_252fwordpress_config on PUT
35 error publish Failed PUT 402
36 verbose stack Error: you must have a paid npm account to publish private packages : @jamesryanbell%2fwordpress_config
36 verbose stack     at CachingRegistryClient.<anonymous> (/usr/local/lib/node_modules/npm/node_modules/npm-registry-client/lib/request.js:254:14)
36 verbose stack     at Request._callback (/usr/local/lib/node_modules/npm/node_modules/npm-registry-client/lib/request.js:178:14)
36 verbose stack     at Request.self.callback (/usr/local/lib/node_modules/npm/node_modules/request/request.js:344:22)
36 verbose stack     at Request.emit (events.js:110:17)
36 verbose stack     at Request.<anonymous> (/usr/local/lib/node_modules/npm/node_modules/request/request.js:1239:14)
36 verbose stack     at Request.emit (events.js:129:20)
36 verbose stack     at IncomingMessage.<anonymous> (/usr/local/lib/node_modules/npm/node_modules/request/request.js:1187:12)
36 verbose stack     at IncomingMessage.emit (events.js:129:20)
36 verbose stack     at _stream_readable.js:908:16
36 verbose stack     at process._tickCallback (node.js:355:11)
37 verbose statusCode 402
38 verbose pkgid @jamesryanbell%2fwordpress_config
39 verbose cwd /Applications/XAMPP/xamppfiles/htdocs/wordpress config
40 error Darwin 14.1.0
41 error argv "node" "/usr/local/bin/npm" "publish"
42 error node v0.12.0
43 error npm  v2.7.0
44 error code E402
45 error you must have a paid npm account to publish private packages : @jamesryanbell%2fwordpress_config
46 error If you need help, you may report this error at:
46 error     <http://github.com/npm/npm/issues>
47 verbose exit [ 1, true ]
